2025-03-07 16:44:57 [[32minfo[39m]: ✅ This is an INFO log - should be displayed
2025-03-07 16:44:57 [[33mwarn[39m]: ⚠️ This is a WARNING log
2025-03-07 16:44:57 [[31merror[39m]: 🔥 This is an ERROR log
2025-03-07 16:44:57 [[32minfo[39m]: Firebase Admin Initialized Successfully.
2025-03-07 16:44:58 [[31merror[39m]: 🔥 Firebase Auth Connection Error: There is no configuration corresponding to the provided identifier.
2025-03-07 16:45:31 [[32minfo[39m]: ✅ This is an INFO log - should be displayed
2025-03-07 16:45:31 [[33mwarn[39m]: ⚠️ This is a WARNING log
2025-03-07 16:45:31 [[31merror[39m]: 🔥 This is an ERROR log
2025-03-07 16:45:31 [[32minfo[39m]: Firebase Admin Initialized Successfully.
2025-03-07 16:45:32 [[32minfo[39m]: ✅ Firebase Auth Connection Successful! User: r27A9WAqN7S0pD0K2z2LgHvKgmI2
2025-03-07 16:46:04 [[32minfo[39m]: ✅ This is an INFO log - should be displayed
2025-03-07 16:46:04 [[33mwarn[39m]: ⚠️ This is a WARNING log
2025-03-07 16:46:04 [[31merror[39m]: 🔥 This is an ERROR log
2025-03-07 16:46:04 [[32minfo[39m]: Firebase Admin Initialized Successfully.
2025-03-07 16:46:05 [[32minfo[39m]: ✅ Firebase Auth Connection Successful! User: n3RWHzdBjmdKoiXsFZIkib2lGVg2
2025-03-07 16:46:06 [[32minfo[39m]: ✅ This is an INFO log - should be displayed
2025-03-07 16:46:06 [[33mwarn[39m]: ⚠️ This is a WARNING log
2025-03-07 16:46:06 [[31merror[39m]: 🔥 This is an ERROR log
2025-03-07 16:46:06 [[32minfo[39m]: Firebase Admin Initialized Successfully.
2025-03-07 16:46:07 [[32minfo[39m]: ✅ Firebase Auth Connection Successful! User: SVYmhwlbcAOrYSUAEoilQ8Dld9G2
2025-03-07 16:46:09 [[32minfo[39m]: ✅ This is an INFO log - should be displayed
2025-03-07 16:46:09 [[33mwarn[39m]: ⚠️ This is a WARNING log
2025-03-07 16:46:09 [[31merror[39m]: 🔥 This is an ERROR log
2025-03-07 16:46:09 [[32minfo[39m]: Firebase Admin Initialized Successfully.
2025-03-07 16:46:10 [[32minfo[39m]: ✅ Firebase Auth Connection Successful! User: 5xzUXmoe5AOstu6IemLJbdsiRt32
2025-03-07 16:46:11 [[32minfo[39m]: ✅ This is an INFO log - should be displayed
2025-03-07 16:46:11 [[33mwarn[39m]: ⚠️ This is a WARNING log
2025-03-07 16:46:11 [[31merror[39m]: 🔥 This is an ERROR log
2025-03-07 16:46:11 [[32minfo[39m]: Firebase Admin Initialized Successfully.
2025-03-07 16:46:12 [[32minfo[39m]: ✅ Firebase Auth Connection Successful! User: ubh7QsLhIrPbDuSakTwI3FV62iv1
2025-03-07 16:46:15 [[32minfo[39m]: ✅ This is an INFO log - should be displayed
2025-03-07 16:46:15 [[33mwarn[39m]: ⚠️ This is a WARNING log
2025-03-07 16:46:15 [[31merror[39m]: 🔥 This is an ERROR log
2025-03-07 16:46:15 [[32minfo[39m]: Firebase Admin Initialized Successfully.
2025-03-07 16:46:16 [[32minfo[39m]: ✅ Firebase Auth Connection Successful! User: UkW9L5UG8JhL1m4msp7fWWCF2L02
2025-03-07 16:46:17 [[32minfo[39m]: ✅ This is an INFO log - should be displayed
2025-03-07 16:46:17 [[33mwarn[39m]: ⚠️ This is a WARNING log
2025-03-07 16:46:17 [[31merror[39m]: 🔥 This is an ERROR log
2025-03-07 16:46:17 [[32minfo[39m]: Firebase Admin Initialized Successfully.
2025-03-07 16:46:18 [[32minfo[39m]: ✅ Firebase Auth Connection Successful! User: SP3bXWHH1Xh0Z0Oh7uGMDDvDlur2
2025-03-07 16:49:30 [[32minfo[39m]: ✅ This is an INFO log - should be displayed
2025-03-07 16:49:30 [[33mwarn[39m]: ⚠️ This is a WARNING log
2025-03-07 16:49:30 [[31merror[39m]: 🔥 This is an ERROR log
2025-03-07 16:49:30 [[32minfo[39m]: Firebase Admin Initialized Successfully.
2025-03-07 16:49:31 [[32minfo[39m]: ✅ Firebase Auth Connection Successful! User: 8kJCiRjhI5VzmqYFMg6xgPSBPwt1
2025-03-07 16:49:45 [[32minfo[39m]: Firebase Admin Initialized Successfully.
2025-03-07 16:49:45 [[32minfo[39m]: ✅ Firebase Auth Connection Successful! User: ncmSkQupi5cpa5zim6EKyeppcfI3
2025-03-07 16:49:57 [[32minfo[39m]: Firebase Admin Initialized Successfully.
2025-03-07 16:49:58 [[32minfo[39m]: ✅ Firebase Auth Connection Successful! User: ko1xsLNnWfN2HdrIzBPH9tfyQgG3
2025-03-07 16:50:06 [[32minfo[39m]: Firebase Admin Initialized Successfully.
2025-03-07 16:50:07 [[32minfo[39m]: Firebase Auth Connection Successful! User: sOGbG7iwkqfqAEsS4EpyOO0o6B73
2025-03-07 16:50:11 [[32minfo[39m]: Firebase Admin Initialized Successfully.
2025-03-07 16:50:12 [[32minfo[39m]: Firebase Auth Connection Successful! User: 8nmChWO1goYaYoDE0GQ2bOHNvgj2
2025-03-07 16:50:18 [[32minfo[39m]: Firebase Admin Initialized Successfully.
2025-03-07 16:50:18 [[32minfo[39m]: Firebase Auth Connection Successful! User: szDAa6xh7XUkVc81diGuYaiXVQ62
2025-03-11 21:06:43 [[32minfo[39m]: Firebase Admin Initialized Successfully.
2025-03-11 21:07:03 [[32minfo[39m]: Firebase Admin Initialized Successfully.
2025-03-11 22:08:58 [[32minfo[39m]: Firebase Admin Initialized Successfully.
2025-03-11 22:18:10 [[32minfo[39m]: Firebase Admin Initialized Successfully.
2025-03-11 22:18:18 [[32minfo[39m]: User already exists
2025-03-11 22:19:15 [[32minfo[39m]: Firebase Admin Initialized Successfully.
2025-03-11 22:19:19 [[32minfo[39m]: Firebase Admin Initialized Successfully.
2025-03-11 22:19:21 [[31merror[39m]: User already exists
2025-03-11 22:33:02 [[32minfo[39m]: Firebase Admin Initialized Successfully.
2025-03-11 22:33:21 [[32minfo[39m]: Firebase Admin Initialized Successfully.
2025-03-11 22:33:37 [[32minfo[39m]: Firebase Admin Initialized Successfully.
2025-03-11 22:33:47 [[32minfo[39m]: Firebase Admin Initialized Successfully.
2025-03-11 22:34:04 [[32minfo[39m]: Firebase Admin Initialized Successfully.
2025-03-11 22:34:21 [[32minfo[39m]: eyJhbGciOiJIUzI1NiIsInR5cCI6IkpXVCJ9.eyJ1c2VySWQiOiJ1amhwTEg3UzEzR0gxS2lkYmFrWSIsImlhdCI6MTc0MTc0Njg2MSwiZXhwIjoxNzQyMzUxNjYxfQ.oHA5ttyl_FvjDUOEMDp_deJdTzVzo7FxmtxS2rW_pQ8
2025-03-11 22:36:16 [[32minfo[39m]: Firebase Admin Initialized Successfully.
2025-03-11 22:36:19 [[32minfo[39m]: Firebase Admin Initialized Successfully.
2025-03-11 22:36:20 [[32minfo[39m]: Firebase Admin Initialized Successfully.
2025-03-11 22:36:26 [[32minfo[39m]: Firebase Admin Initialized Successfully.
2025-03-11 22:38:19 [[32minfo[39m]: Firebase Admin Initialized Successfully.
2025-03-11 23:18:23 [[32minfo[39m]: Firebase Admin Initialized Successfully.
2025-03-11 23:19:12 [[31merror[39m]: User already exists
2025-03-11 23:19:37 [[32minfo[39m]: eyJhbGciOiJIUzI1NiIsInR5cCI6IkpXVCJ9.eyJ1c2VySWQiOiJsTXdJWm1ISlFCTGxPR0xRcmY0eiIsImlhdCI6MTc0MTc0OTU3NywiZXhwIjoxNzQyMzU0Mzc3fQ.klHEHOkFNO3w1l0ncocnwROiCa_Sf5PfXvVewfP03Bw
2025-03-11 23:22:19 [[32minfo[39m]: Firebase Admin Initialized Successfully.
2025-03-11 23:22:24 [[32minfo[39m]: Firebase Admin Initialized Successfully.
2025-03-11 23:23:11 [[32minfo[39m]: Firebase Admin Initialized Successfully.
2025-03-11 23:24:40 [[32minfo[39m]: Firebase Admin Initialized Successfully.
2025-03-11 23:25:11 [[32minfo[39m]: eyJhbGciOiJIUzI1NiIsInR5cCI6IkpXVCJ9.eyJ1c2VySWQiOiJjVFBsNGg0SzhNaVBTYlJFRlZUZyIsImlhdCI6MTc0MTc0OTkxMSwiZXhwIjoxNzQyMzU0NzExfQ.Jh5lZNCNUHS3TKRztebfvfD4C-USxOcQzB4Lwi83lic
2025-03-11 23:29:31 [[32minfo[39m]: Firebase Admin Initialized Successfully.
2025-03-11 23:29:53 [[32minfo[39m]: Firebase Admin Initialized Successfully.
2025-03-11 23:29:59 [[32minfo[39m]: Firebase Admin Initialized Successfully.
2025-03-11 23:30:04 [[32minfo[39m]: Firebase Admin Initialized Successfully.
2025-03-11 23:30:06 [[32minfo[39m]: Firebase Admin Initialized Successfully.
2025-03-11 23:32:59 [[32minfo[39m]: eyJhbGciOiJIUzI1NiIsInR5cCI6IkpXVCJ9.eyJ1c2VySWQiOiJjVFBsNGg0SzhNaVBTYlJFRlZUZyIsImlhdCI6MTc0MTc1MDM3OSwiZXhwIjoxNzQyMzU1MTc5fQ.-Et7Nu6PcgEfF111z_Jtp76wp8EBtoN72CyHQSGqVkk
2025-03-11 23:43:52 [[32minfo[39m]: Firebase Admin Initialized Successfully.
2025-03-12 00:08:39 [[32minfo[39m]: Firebase Admin Initialized Successfully.
2025-03-12 00:08:42 [[32minfo[39m]: Firebase Admin Initialized Successfully.
2025-03-12 00:08:56 [[32minfo[39m]: Firebase Admin Initialized Successfully.
2025-03-12 00:09:09 [[32minfo[39m]: Firebase Admin Initialized Successfully.
2025-03-12 00:09:48 [[32minfo[39m]: Firebase Admin Initialized Successfully.
2025-03-12 00:10:31 [[31merror[39m]: User already exists
2025-03-12 00:12:46 [[32minfo[39m]: Firebase Admin Initialized Successfully.
2025-03-12 00:12:50 [[32minfo[39m]: Firebase Admin Initialized Successfully.
2025-03-12 00:12:53 [[32minfo[39m]: Firebase Admin Initialized Successfully.
2025-03-12 00:13:00 [[32minfo[39m]: eyJhbGciOiJIUzI1NiIsInR5cCI6IkpXVCJ9.eyJ1c2VySWQiOiJleGlWV2d6eUpldFdBWGhibTJucCIsImV4cCI6MTc0MTc1NjM4MCwiaWF0IjoxNzQxNzUyNzgwfQ.JLnkUticU3nuL9LwrFAKKJ-OI5Gu66UofjsrnAf64Sw
2025-03-12 00:13:38 [[32minfo[39m]: Firebase Admin Initialized Successfully.
2025-03-12 00:13:49 [[32minfo[39m]: eyJhbGciOiJIUzI1NiIsInR5cCI6IkpXVCJ9.eyJ1c2VySWQiOiJ5MWZ5N0VpZVViS1ZIRlpXQlVJRiIsImV4cCI6MTc0MTc2MzYyOSwiaWF0IjoxNzQxNzUyODI5fQ.lQeE2eS_ap5JG07q1FITawqWZgWSS2Lx2v-MEtFkkP8
2025-03-12 00:17:08 [[32minfo[39m]: Firebase Admin Initialized Successfully.
2025-03-12 00:17:32 [[32minfo[39m]: Firebase Admin Initialized Successfully.
2025-03-12 00:17:44 [[32minfo[39m]: Firebase Admin Initialized Successfully.
2025-03-12 00:17:50 [[32minfo[39m]: Firebase Admin Initialized Successfully.
2025-03-12 00:17:53 [[32minfo[39m]: Firebase Admin Initialized Successfully.
2025-03-12 00:18:07 [[32minfo[39m]: Firebase Admin Initialized Successfully.
2025-03-12 00:18:27 [[32minfo[39m]: Firebase Admin Initialized Successfully.
2025-03-12 00:23:56 [[32minfo[39m]: Firebase Admin Initialized Successfully.
2025-03-12 00:39:03 [[32minfo[39m]: Firebase Admin Initialized Successfully.
2025-03-12 00:39:18 [[32minfo[39m]: Firebase Admin Initialized Successfully.
2025-03-12 00:39:56 [[32minfo[39m]: [object Object]
2025-03-12 00:41:18 [[32minfo[39m]: Firebase Admin Initialized Successfully.
2025-03-12 00:41:44 [[32minfo[39m]: Firebase Admin Initialized Successfully.
2025-03-12 00:41:55 [[32minfo[39m]: Firebase Admin Initialized Successfully.
2025-03-12 00:42:00 [[32minfo[39m]: Firebase Admin Initialized Successfully.
2025-03-12 00:42:08 [[32minfo[39m]: eyJhbGciOiJIUzI1NiIsInR5cCI6IkpXVCJ9.eyJ1c2VySWQiOiJndWRoZnkxd2swTW1EOU1jcFhQMyIsImV4cCI6MTc0MTc2NTMyOCwiaWF0IjoxNzQxNzU0NTI4fQ.8RsZxZujN8M7AGYV2TKtg336tcfM0tw0n9ao2PL-KfU
2025-03-12 00:43:07 [[32minfo[39m]: Firebase Admin Initialized Successfully.
2025-03-12 00:43:19 [[31merror[39m]: User already exists
2025-03-12 00:43:47 [[31merror[39m]: User already exists
2025-03-12 00:45:08 [[32minfo[39m]: Firebase Admin Initialized Successfully.
2025-03-15 11:52:46 [[32minfo[39m]: Firebase Admin Initialized Successfully.
